<?xml version="1.0" encoding="UTF-8"?>
<!-- Generated by org.testng.reporters.JUnitXMLReporter -->
<testsuite hostname="DESKTOP-OFC8VFN" ignored="2" name="Default test" tests="1" failures="0" timestamp="2020-04-07T18:36:21 IST" time="9.561" errors="0">
  <testcase name="uploadImagePostAPITest" time="2.012" classname="com.qa.api.tests.GetImgurAPITestGET"/>
  <testcase name="getAccountImagesTest" time="0.0" classname="com.qa.api.tests.GetImgurAPITestGET">
    <ignored/>
  </testcase> <!-- getAccountImagesTest -->
  <testcase name="getAccountBlockStatusTest" time="0.0" classname="com.qa.api.tests.GetImgurAPITestGET">
    <ignored/>
  </testcase> <!-- getAccountBlockStatusTest -->
</testsuite> <!-- Default test -->
