<?xml version="1.0" encoding="UTF-8"?>
<!-- Generated by org.testng.reporters.JUnitXMLReporter -->
<testsuite hostname="DESKTOP-OFC8VFN" ignored="0" name="Rest API regression tests" tests="8" failures="1" timestamp="2020-04-07T19:38:56 IST" time="14.267" errors="0">
  <testcase name="createUserAPIPOSTTest" time="4.476" classname="com.qa.api.tests.CreateUserTestPOST"/>
  <testcase name="getAllUserListAPITest" time="6.633" classname="com.qa.api.tests.GetUserTestGET"/>
  <testcase name="createUserAPIPOSTTest" time="0.12" classname="com.qa.api.tests.CreateUserTestPOST">
    <failure type="java.lang.IllegalStateException" message="Invalid use of BasicClientConnManager: connection still allocated.
Make sure to release the connection before allocating another one.">
      <![CDATA[java.lang.IllegalStateException: Invalid use of BasicClientConnManager: connection still allocated.
Make sure to release the connection before allocating another one.
at org.apache.http.util.Asserts.check(Asserts.java:34)
at org.apache.http.impl.conn.BasicClientConnectionManager.getConnection(BasicClientConnectionManager.java:163)
at org.apache.http.impl.conn.BasicClientConnectionManager$1.getConnection(BasicClientConnectionManager.java:145)
at org.apache.http.impl.client.DefaultRequestDirector.execute(DefaultRequestDirector.java:422)
at org.apache.http.impl.client.AbstractHttpClient.doExecute(AbstractHttpClient.java:835)
at org.apache.http.impl.client.CloseableHttpClient.execute(CloseableHttpClient.java:83)
at org.apache.http.impl.client.CloseableHttpClient.execute(CloseableHttpClient.java:56)
at org.apache.http.client.HttpClient$execute$2.call(Unknown Source)
at io.restassured.internal.RequestSpecificationImpl$RestAssuredHttpBuilder.doRequest(RequestSpecificationImpl.groovy:2054)
at io.restassured.internal.http.HTTPBuilder.post(HTTPBuilder.java:349)
at io.restassured.internal.http.HTTPBuilder$post$3.call(Unknown Source)
at io.restassured.internal.RequestSpecificationImpl.sendRequest(RequestSpecificationImpl.groovy:1180)
at groovy.lang.MetaMethod.doMethodInvoke(MetaMethod.java:323)
at groovy.lang.MetaClassImpl.invokeMethod(MetaClassImpl.java:1217)
at groovy.lang.MetaClassImpl.invokeMethod(MetaClassImpl.java:1041)
at groovy.lang.MetaClassImpl.invokeMethod(MetaClassImpl.java:821)
at io.restassured.internal.RequestSpecificationImpl.invokeMethod(RequestSpecificationImpl.groovy)
at org.codehaus.groovy.runtime.callsite.PogoInterceptableSite.call(PogoInterceptableSite.java:45)
at org.codehaus.groovy.runtime.callsite.AbstractCallSite.call(AbstractCallSite.java:151)
at io.restassured.internal.filter.SendRequestFilter.filter(SendRequestFilter.groovy:30)
at io.restassured.filter.Filter$filter$0.call(Unknown Source)
at io.restassured.internal.filter.FilterContextImpl.next(FilterContextImpl.groovy:72)
at io.restassured.filter.time.TimingFilter.filter(TimingFilter.java:56)
at io.restassured.filter.Filter$filter.call(Unknown Source)
at io.restassured.internal.filter.FilterContextImpl.next(FilterContextImpl.groovy:72)
at io.restassured.filter.log.RequestLoggingFilter.filter(RequestLoggingFilter.java:122)
at io.restassured.filter.Filter$filter.call(Unknown Source)
at io.restassured.internal.filter.FilterContextImpl.next(FilterContextImpl.groovy:72)
at io.restassured.filter.FilterContext$next.call(Unknown Source)
at io.restassured.internal.RequestSpecificationImpl.applyPathParamsAndSendRequest(RequestSpecificationImpl.groovy:1654)
at groovy.lang.MetaMethod.doMethodInvoke(MetaMethod.java:323)
at groovy.lang.MetaClassImpl.invokeMethod(MetaClassImpl.java:1217)
at groovy.lang.MetaClassImpl.invokeMethod(MetaClassImpl.java:1041)
at groovy.lang.MetaClassImpl.invokeMethod(MetaClassImpl.java:821)
at io.restassured.internal.RequestSpecificationImpl.invokeMethod(RequestSpecificationImpl.groovy)
at org.codehaus.groovy.runtime.callsite.PogoInterceptableSite.call(PogoInterceptableSite.java:45)
at org.codehaus.groovy.runtime.callsite.PogoInterceptableSite.callCurrent(PogoInterceptableSite.java:55)
at org.codehaus.groovy.runtime.callsite.AbstractCallSite.callCurrent(AbstractCallSite.java:184)
at io.restassured.internal.RequestSpecificationImpl.applyPathParamsAndSendRequest(RequestSpecificationImpl.groovy:1660)
at groovy.lang.MetaMethod.doMethodInvoke(MetaMethod.java:323)
at groovy.lang.MetaClassImpl.invokeMethod(MetaClassImpl.java:1217)
at groovy.lang.MetaClassImpl.invokeMethod(MetaClassImpl.java:1041)
at groovy.lang.MetaClassImpl.invokeMethod(MetaClassImpl.java:821)
at io.restassured.internal.RequestSpecificationImpl.invokeMethod(RequestSpecificationImpl.groovy)
at org.codehaus.groovy.runtime.callsite.PogoInterceptableSite.call(PogoInterceptableSite.java:45)
at org.codehaus.groovy.runtime.callsite.PogoInterceptableSite.callCurrent(PogoInterceptableSite.java:55)
at org.codehaus.groovy.runtime.callsite.AbstractCallSite.callCurrent(AbstractCallSite.java:184)
at io.restassured.internal.RequestSpecificationImpl.post(RequestSpecificationImpl.groovy:175)
at io.restassured.internal.RequestSpecificationImpl.post(RequestSpecificationImpl.groovy)
at com.qa.api.restClient.RestClient.executeAPI(RestClient.java:116)
at com.qa.api.restClient.RestClient.getResponse(RestClient.java:104)
at com.qa.api.restClient.RestClient.doPost(RestClient.java:37)
at com.qa.api.tests.CreateUserTestPOST.createUserAPIPOSTTest(CreateUserTestPOST.java:38)
at java.util.concurrent.ThreadPoolExecutor.runWorker(ThreadPoolExecutor.java:1149)
at java.util.concurrent.ThreadPoolExecutor$Worker.run(ThreadPoolExecutor.java:624)
at java.lang.Thread.run(Thread.java:748)
... Removed 27 stack frames]]>
    </failure>
  </testcase> <!-- createUserAPIPOSTTest -->
  <testcase name="getUserWithQueryParams" time="0.62" classname="com.qa.api.tests.GetUserTestGET"/>
  <testcase name="createUserAPIPOSTTest" time="0.743" classname="com.qa.api.tests.CreateUserTestPOST"/>
  <testcase name="getAccountBlockStatusTest" time="1.004" classname="com.qa.api.tests.GetImgurAPITestGET"/>
  <testcase name="getAccountImagesTest" time="1.627" classname="com.qa.api.tests.GetImgurAPITestGET"/>
  <testcase name="uploadImagePostAPITest" time="1.958" classname="com.qa.api.tests.GetImgurAPITestGET"/>
</testsuite> <!-- Rest API regression tests -->
