<?xml version="1.0" encoding="UTF-8"?>
<testng-results skipped="0" failed="1" ignored="0" total="8" passed="7">
  <reporter-output>
  </reporter-output>
  <suite name="Rest API Test Suite" duration-ms="14267" started-at="2020-04-07T19:38:41 IST" finished-at="2020-04-07T19:38:56 IST">
    <groups>
    </groups>
    <test name="Rest API regression tests" duration-ms="14267" started-at="2020-04-07T19:38:41 IST" finished-at="2020-04-07T19:38:56 IST">
      <class name="com.qa.api.tests.CreateUserTestPOST">
        <test-method status="PASS" signature="createUserAPIPOSTTest(java.lang.String, java.lang.String, java.lang.String, java.lang.String, java.lang.String, java.lang.String, java.lang.String, java.lang.String, java.lang.String)[pri:0, instance:com.qa.api.tests.CreateUserTestPOST@5e955596]" name="createUserAPIPOSTTest" duration-ms="4476" started-at="2020-04-07T19:38:43 IST" data-provider="getUserData" finished-at="2020-04-07T19:38:48 IST">
          <params>
            <param index="0">
              <value>
                <![CDATA[aditya]]>
              </value>
            </param>
            <param index="1">
              <value>
                <![CDATA[R]]>
              </value>
            </param>
            <param index="2">
              <value>
                <![CDATA[male]]>
              </value>
            </param>
            <param index="3">
              <value>
                <![CDATA[02-Feb-1991]]>
              </value>
            </param>
            <param index="4">
              <value>
                <![CDATA[adityaR@gmail.com]]>
              </value>
            </param>
            <param index="5">
              <value>
                <![CDATA[9.37930101E8]]>
              </value>
            </param>
            <param index="6">
              <value>
                <![CDATA[http://www.abc.com]]>
              </value>
            </param>
            <param index="7">
              <value>
                <![CDATA[bangalore]]>
              </value>
            </param>
            <param index="8">
              <value>
                <![CDATA[active]]>
              </value>
            </param>
          </params>
          <reporter-output>
          </reporter-output>
        </test-method> <!-- createUserAPIPOSTTest -->
        <test-method status="FAIL" signature="createUserAPIPOSTTest(java.lang.String, java.lang.String, java.lang.String, java.lang.String, java.lang.String, java.lang.String, java.lang.String, java.lang.String, java.lang.String)[pri:0, instance:com.qa.api.tests.CreateUserTestPOST@5e955596]" name="createUserAPIPOSTTest" duration-ms="120" started-at="2020-04-07T19:38:48 IST" data-provider="getUserData" finished-at="2020-04-07T19:38:48 IST">
          <params>
            <param index="0">
              <value>
                <![CDATA[mudit]]>
              </value>
            </param>
            <param index="1">
              <value>
                <![CDATA[varshney]]>
              </value>
            </param>
            <param index="2">
              <value>
                <![CDATA[male]]>
              </value>
            </param>
            <param index="3">
              <value>
                <![CDATA[09-Oct-2007]]>
              </value>
            </param>
            <param index="4">
              <value>
                <![CDATA[mudit@gmail.com]]>
              </value>
            </param>
            <param index="5">
              <value>
                <![CDATA[9.37538391E8]]>
              </value>
            </param>
            <param index="6">
              <value>
                <![CDATA[http://www.def.com]]>
              </value>
            </param>
            <param index="7">
              <value>
                <![CDATA[sahibabad]]>
              </value>
            </param>
            <param index="8">
              <value>
                <![CDATA[active]]>
              </value>
            </param>
          </params>
          <exception class="java.lang.IllegalStateException">
            <message>
              <![CDATA[Invalid use of BasicClientConnManager: connection still allocated.
Make sure to release the connection before allocating another one.]]>
            </message>
            <full-stacktrace>
              <![CDATA[java.lang.IllegalStateException: Invalid use of BasicClientConnManager: connection still allocated.
Make sure to release the connection before allocating another one.
at org.apache.http.util.Asserts.check(Asserts.java:34)
at org.apache.http.impl.conn.BasicClientConnectionManager.getConnection(BasicClientConnectionManager.java:163)
at org.apache.http.impl.conn.BasicClientConnectionManager$1.getConnection(BasicClientConnectionManager.java:145)
at org.apache.http.impl.client.DefaultRequestDirector.execute(DefaultRequestDirector.java:422)
at org.apache.http.impl.client.AbstractHttpClient.doExecute(AbstractHttpClient.java:835)
at org.apache.http.impl.client.CloseableHttpClient.execute(CloseableHttpClient.java:83)
at org.apache.http.impl.client.CloseableHttpClient.execute(CloseableHttpClient.java:56)
at org.apache.http.client.HttpClient$execute$2.call(Unknown Source)
at io.restassured.internal.RequestSpecificationImpl$RestAssuredHttpBuilder.doRequest(RequestSpecificationImpl.groovy:2054)
at io.restassured.internal.http.HTTPBuilder.post(HTTPBuilder.java:349)
at io.restassured.internal.http.HTTPBuilder$post$3.call(Unknown Source)
at io.restassured.internal.RequestSpecificationImpl.sendRequest(RequestSpecificationImpl.groovy:1180)
at sun.reflect.NativeMethodAccessorImpl.invoke0(Native Method)
at sun.reflect.NativeMethodAccessorImpl.invoke(NativeMethodAccessorImpl.java:62)
at sun.reflect.DelegatingMethodAccessorImpl.invoke(DelegatingMethodAccessorImpl.java:43)
at java.lang.reflect.Method.invoke(Method.java:498)
at org.codehaus.groovy.reflection.CachedMethod.invoke(CachedMethod.java:101)
at groovy.lang.MetaMethod.doMethodInvoke(MetaMethod.java:323)
at groovy.lang.MetaClassImpl.invokeMethod(MetaClassImpl.java:1217)
at groovy.lang.MetaClassImpl.invokeMethod(MetaClassImpl.java:1041)
at groovy.lang.MetaClassImpl.invokeMethod(MetaClassImpl.java:821)
at io.restassured.internal.RequestSpecificationImpl.invokeMethod(RequestSpecificationImpl.groovy)
at org.codehaus.groovy.runtime.callsite.PogoInterceptableSite.call(PogoInterceptableSite.java:45)
at org.codehaus.groovy.runtime.callsite.AbstractCallSite.call(AbstractCallSite.java:151)
at io.restassured.internal.filter.SendRequestFilter.filter(SendRequestFilter.groovy:30)
at io.restassured.filter.Filter$filter$0.call(Unknown Source)
at io.restassured.internal.filter.FilterContextImpl.next(FilterContextImpl.groovy:72)
at io.restassured.filter.time.TimingFilter.filter(TimingFilter.java:56)
at io.restassured.filter.Filter$filter.call(Unknown Source)
at io.restassured.internal.filter.FilterContextImpl.next(FilterContextImpl.groovy:72)
at io.restassured.filter.log.RequestLoggingFilter.filter(RequestLoggingFilter.java:122)
at io.restassured.filter.Filter$filter.call(Unknown Source)
at io.restassured.internal.filter.FilterContextImpl.next(FilterContextImpl.groovy:72)
at io.restassured.filter.FilterContext$next.call(Unknown Source)
at io.restassured.internal.RequestSpecificationImpl.applyPathParamsAndSendRequest(RequestSpecificationImpl.groovy:1654)
at sun.reflect.NativeMethodAccessorImpl.invoke0(Native Method)
at sun.reflect.NativeMethodAccessorImpl.invoke(NativeMethodAccessorImpl.java:62)
at sun.reflect.DelegatingMethodAccessorImpl.invoke(DelegatingMethodAccessorImpl.java:43)
at java.lang.reflect.Method.invoke(Method.java:498)
at org.codehaus.groovy.reflection.CachedMethod.invoke(CachedMethod.java:101)
at groovy.lang.MetaMethod.doMethodInvoke(MetaMethod.java:323)
at groovy.lang.MetaClassImpl.invokeMethod(MetaClassImpl.java:1217)
at groovy.lang.MetaClassImpl.invokeMethod(MetaClassImpl.java:1041)
at groovy.lang.MetaClassImpl.invokeMethod(MetaClassImpl.java:821)
at io.restassured.internal.RequestSpecificationImpl.invokeMethod(RequestSpecificationImpl.groovy)
at org.codehaus.groovy.runtime.callsite.PogoInterceptableSite.call(PogoInterceptableSite.java:45)
at org.codehaus.groovy.runtime.callsite.PogoInterceptableSite.callCurrent(PogoInterceptableSite.java:55)
at org.codehaus.groovy.runtime.callsite.AbstractCallSite.callCurrent(AbstractCallSite.java:184)
at io.restassured.internal.RequestSpecificationImpl.applyPathParamsAndSendRequest(RequestSpecificationImpl.groovy:1660)
at sun.reflect.NativeMethodAccessorImpl.invoke0(Native Method)
at sun.reflect.NativeMethodAccessorImpl.invoke(NativeMethodAccessorImpl.java:62)
at sun.reflect.DelegatingMethodAccessorImpl.invoke(DelegatingMethodAccessorImpl.java:43)
at java.lang.reflect.Method.invoke(Method.java:498)
at org.codehaus.groovy.reflection.CachedMethod.invoke(CachedMethod.java:101)
at groovy.lang.MetaMethod.doMethodInvoke(MetaMethod.java:323)
at groovy.lang.MetaClassImpl.invokeMethod(MetaClassImpl.java:1217)
at groovy.lang.MetaClassImpl.invokeMethod(MetaClassImpl.java:1041)
at groovy.lang.MetaClassImpl.invokeMethod(MetaClassImpl.java:821)
at io.restassured.internal.RequestSpecificationImpl.invokeMethod(RequestSpecificationImpl.groovy)
at org.codehaus.groovy.runtime.callsite.PogoInterceptableSite.call(PogoInterceptableSite.java:45)
at org.codehaus.groovy.runtime.callsite.PogoInterceptableSite.callCurrent(PogoInterceptableSite.java:55)
at org.codehaus.groovy.runtime.callsite.AbstractCallSite.callCurrent(AbstractCallSite.java:184)
at io.restassured.internal.RequestSpecificationImpl.post(RequestSpecificationImpl.groovy:175)
at io.restassured.internal.RequestSpecificationImpl.post(RequestSpecificationImpl.groovy)
at com.qa.api.restClient.RestClient.executeAPI(RestClient.java:116)
at com.qa.api.restClient.RestClient.getResponse(RestClient.java:104)
at com.qa.api.restClient.RestClient.doPost(RestClient.java:37)
at com.qa.api.tests.CreateUserTestPOST.createUserAPIPOSTTest(CreateUserTestPOST.java:38)
at sun.reflect.NativeMethodAccessorImpl.invoke0(Native Method)
at sun.reflect.NativeMethodAccessorImpl.invoke(NativeMethodAccessorImpl.java:62)
at sun.reflect.DelegatingMethodAccessorImpl.invoke(DelegatingMethodAccessorImpl.java:43)
at java.lang.reflect.Method.invoke(Method.java:498)
at org.testng.internal.MethodInvocationHelper.invokeMethod(MethodInvocationHelper.java:133)
at org.testng.internal.TestInvoker.invokeMethod(TestInvoker.java:584)
at org.testng.internal.TestInvoker.invokeTestMethod(TestInvoker.java:172)
at org.testng.internal.MethodRunner.runInSequence(MethodRunner.java:46)
at org.testng.internal.TestInvoker$MethodInvocationAgent.invoke(TestInvoker.java:804)
at org.testng.internal.TestInvoker.invokeTestMethods(TestInvoker.java:145)
at org.testng.internal.TestMethodWorker.invokeTestMethods(TestMethodWorker.java:146)
at org.testng.internal.TestMethodWorker.run(TestMethodWorker.java:128)
at java.util.concurrent.ThreadPoolExecutor.runWorker(ThreadPoolExecutor.java:1149)
at java.util.concurrent.ThreadPoolExecutor$Worker.run(ThreadPoolExecutor.java:624)
at java.lang.Thread.run(Thread.java:748)
]]>
            </full-stacktrace>
          </exception> <!-- java.lang.IllegalStateException -->
          <reporter-output>
          </reporter-output>
        </test-method> <!-- createUserAPIPOSTTest -->
        <test-method status="PASS" signature="createUserAPIPOSTTest(java.lang.String, java.lang.String, java.lang.String, java.lang.String, java.lang.String, java.lang.String, java.lang.String, java.lang.String, java.lang.String)[pri:0, instance:com.qa.api.tests.CreateUserTestPOST@5e955596]" name="createUserAPIPOSTTest" duration-ms="743" started-at="2020-04-07T19:38:48 IST" data-provider="getUserData" finished-at="2020-04-07T19:38:49 IST">
          <params>
            <param index="0">
              <value>
                <![CDATA[ramesh]]>
              </value>
            </param>
            <param index="1">
              <value>
                <![CDATA[B]]>
              </value>
            </param>
            <param index="2">
              <value>
                <![CDATA[male]]>
              </value>
            </param>
            <param index="3">
              <value>
                <![CDATA[02-Feb-1997]]>
              </value>
            </param>
            <param index="4">
              <value>
                <![CDATA[rameshB@gmail.com]]>
              </value>
            </param>
            <param index="5">
              <value>
                <![CDATA[9.37930109E8]]>
              </value>
            </param>
            <param index="6">
              <value>
                <![CDATA[http://www.ghi.com]]>
              </value>
            </param>
            <param index="7">
              <value>
                <![CDATA[bangalore]]>
              </value>
            </param>
            <param index="8">
              <value>
                <![CDATA[active]]>
              </value>
            </param>
          </params>
          <reporter-output>
          </reporter-output>
        </test-method> <!-- createUserAPIPOSTTest -->
      </class> <!-- com.qa.api.tests.CreateUserTestPOST -->
      <class name="com.qa.api.tests.GetImgurAPITestGET">
        <test-method status="PASS" signature="setUp()[pri:0, instance:com.qa.api.tests.GetImgurAPITestGET@1cab0bfb]" name="setUp" is-config="true" duration-ms="7298" started-at="2020-04-07T19:38:41 IST" finished-at="2020-04-07T19:38:49 IST">
          <reporter-output>
          </reporter-output>
        </test-method> <!-- setUp -->
        <test-method status="PASS" signature="getAccountBlockStatusTest()[pri:0, instance:com.qa.api.tests.GetImgurAPITestGET@1cab0bfb]" name="getAccountBlockStatusTest" duration-ms="1004" started-at="2020-04-07T19:38:49 IST" finished-at="2020-04-07T19:38:50 IST">
          <reporter-output>
          </reporter-output>
        </test-method> <!-- getAccountBlockStatusTest -->
        <test-method status="PASS" signature="setUp()[pri:0, instance:com.qa.api.tests.GetImgurAPITestGET@1cab0bfb]" name="setUp" is-config="true" duration-ms="1029" started-at="2020-04-07T19:38:50 IST" finished-at="2020-04-07T19:38:51 IST">
          <reporter-output>
          </reporter-output>
        </test-method> <!-- setUp -->
        <test-method status="PASS" signature="getAccountImagesTest()[pri:0, instance:com.qa.api.tests.GetImgurAPITestGET@1cab0bfb]" name="getAccountImagesTest" duration-ms="1627" started-at="2020-04-07T19:38:51 IST" finished-at="2020-04-07T19:38:52 IST">
          <reporter-output>
          </reporter-output>
        </test-method> <!-- getAccountImagesTest -->
        <test-method status="PASS" signature="setUp()[pri:0, instance:com.qa.api.tests.GetImgurAPITestGET@1cab0bfb]" name="setUp" is-config="true" duration-ms="1026" started-at="2020-04-07T19:38:53 IST" finished-at="2020-04-07T19:38:54 IST">
          <reporter-output>
          </reporter-output>
        </test-method> <!-- setUp -->
        <test-method status="PASS" signature="uploadImagePostAPITest()[pri:0, instance:com.qa.api.tests.GetImgurAPITestGET@1cab0bfb]" name="uploadImagePostAPITest" duration-ms="1958" started-at="2020-04-07T19:38:54 IST" finished-at="2020-04-07T19:38:55 IST">
          <reporter-output>
          </reporter-output>
        </test-method> <!-- uploadImagePostAPITest -->
      </class> <!-- com.qa.api.tests.GetImgurAPITestGET -->
      <class name="com.qa.api.tests.GetUserTestGET">
        <test-method status="PASS" signature="getAllUserListAPITest()[pri:0, instance:com.qa.api.tests.GetUserTestGET@50de0926]" name="getAllUserListAPITest" duration-ms="6633" started-at="2020-04-07T19:38:41 IST" finished-at="2020-04-07T19:38:48 IST">
          <reporter-output>
          </reporter-output>
        </test-method> <!-- getAllUserListAPITest -->
        <test-method status="PASS" signature="getUserWithQueryParams()[pri:0, instance:com.qa.api.tests.GetUserTestGET@50de0926]" name="getUserWithQueryParams" duration-ms="620" started-at="2020-04-07T19:38:48 IST" finished-at="2020-04-07T19:38:49 IST">
          <reporter-output>
          </reporter-output>
        </test-method> <!-- getUserWithQueryParams -->
      </class> <!-- com.qa.api.tests.GetUserTestGET -->
    </test> <!-- Rest API regression tests -->
  </suite> <!-- Rest API Test Suite -->
</testng-results>
